<?xml version="1.0" encoding="UTF-8"?>
<!-- Generated by org.testng.reporters.JUnitXMLReporter -->
<testsuite ignored="0" hostname="Dheekshu" failures="0" tests="13" name="Test" time="356.487" errors="0" timestamp="2024-03-24T21:40:35 IST">
  <testcase classname="com.test.SpiceJetTest" name="signUp_TC01" time="53.784"/>
  <testcase classname="com.test.SpiceJetTest" name="signUp_MandCheck_TC02" time="10.911"/>
  <testcase classname="com.test.SpiceJetTest" name="login_Email_TC03" time="15.299"/>
  <testcase classname="com.test.SpiceJetTest" name="login_Mobile_TC04" time="11.635"/>
  <testcase classname="com.test.SpiceJetTest" name="pageFieldValidation_TC05" time="0.243"/>
  <testcase classname="com.test.SpiceJetTest" name="oneWayFlight_TC06" time="52.986"/>
  <testcase classname="com.test.SpiceJetTest" name="roundTripFlight_TC07" time="60.307"/>
  <testcase classname="com.test.SpiceJetTest" name="login_IncorrectEmail_TC08" time="13.472"/>
  <testcase classname="com.test.SpiceJetTest" name="login_IncorrectMobile_TC09" time="10.396"/>
  <testcase classname="com.test.SpiceJetTest" name="login_IncorrectPassword_TC10" time="13.056"/>
  <testcase classname="com.test.SpiceJetTest" name="login_mandMobileInput_TC11" time="9.994"/>
  <testcase classname="com.test.SpiceJetTest" name="login_mandEmailInput_TC12" time="11.979"/>
  <testcase classname="com.test.SpiceJetTest" name="login_mandPaswrdInput_TC13" time="11.136"/>
</testsuite> <!-- Test -->
