<?xml version="1.0" encoding="UTF-8"?>
<testng-results ignored="0" total="13" passed="12" failed="1" skipped="0">
  <reporter-output>
  </reporter-output>
  <suite started-at="2024-03-24T21:19:48 IST" name="Surefire suite" finished-at="2024-03-24T21:25:49 IST" duration-ms="361923">
    <groups>
    </groups>
    <test started-at="2024-03-24T21:19:48 IST" name="Surefire test" finished-at="2024-03-24T21:25:49 IST" duration-ms="361923">
      <class name="com.test.SpiceJetTest">
        <test-method is-config="true" signature="brokenUrlCheck()[pri:0, instance:com.test.SpiceJetTest@498d318c]" started-at="2024-03-24T21:19:48 IST" name="brokenUrlCheck" finished-at="2024-03-24T21:19:49 IST" duration-ms="1663" status="PASS">
          <reporter-output>
          </reporter-output>
        </test-method> <!-- brokenUrlCheck -->
        <test-method is-config="true" signature="launchSite()[pri:0, instance:com.test.SpiceJetTest@498d318c]" started-at="2024-03-24T21:19:49 IST" name="launchSite" finished-at="2024-03-24T21:20:24 IST" duration-ms="35216" status="PASS">
          <reporter-output>
          </reporter-output>
        </test-method> <!-- launchSite -->
        <test-method signature="signUp_TC01()[pri:1, instance:com.test.SpiceJetTest@498d318c]" started-at="2024-03-24T21:20:24 IST" name="signUp_TC01" finished-at="2024-03-24T21:21:15 IST" duration-ms="50948" status="PASS">
          <reporter-output>
          </reporter-output>
        </test-method> <!-- signUp_TC01 -->
        <test-method is-config="true" signature="closeSite()[pri:0, instance:com.test.SpiceJetTest@498d318c]" started-at="2024-03-24T21:21:15 IST" name="closeSite" finished-at="2024-03-24T21:21:16 IST" duration-ms="294" status="PASS">
          <reporter-output>
          </reporter-output>
        </test-method> <!-- closeSite -->
        <test-method is-config="true" signature="launchSite()[pri:0, instance:com.test.SpiceJetTest@498d318c]" started-at="2024-03-24T21:21:16 IST" name="launchSite" finished-at="2024-03-24T21:21:21 IST" duration-ms="5653" status="PASS">
          <reporter-output>
          </reporter-output>
        </test-method> <!-- launchSite -->
        <test-method signature="signUp_MandCheck_TC02()[pri:2, instance:com.test.SpiceJetTest@498d318c]" started-at="2024-03-24T21:21:21 IST" name="signUp_MandCheck_TC02" finished-at="2024-03-24T21:21:32 IST" duration-ms="10913" status="PASS">
          <reporter-output>
          </reporter-output>
        </test-method> <!-- signUp_MandCheck_TC02 -->
        <test-method is-config="true" signature="closeSite()[pri:0, instance:com.test.SpiceJetTest@498d318c]" started-at="2024-03-24T21:21:32 IST" name="closeSite" finished-at="2024-03-24T21:21:33 IST" duration-ms="239" status="PASS">
          <reporter-output>
          </reporter-output>
        </test-method> <!-- closeSite -->
        <test-method is-config="true" signature="launchSite()[pri:0, instance:com.test.SpiceJetTest@498d318c]" started-at="2024-03-24T21:21:33 IST" name="launchSite" finished-at="2024-03-24T21:21:38 IST" duration-ms="5004" status="PASS">
          <reporter-output>
          </reporter-output>
        </test-method> <!-- launchSite -->
        <test-method signature="login_Email_TC03()[pri:3, instance:com.test.SpiceJetTest@498d318c]" started-at="2024-03-24T21:21:38 IST" name="login_Email_TC03" finished-at="2024-03-24T21:21:39 IST" duration-ms="1266" status="FAIL">
          <exception class="org.openqa.selenium.ElementClickInterceptedException">
            <message>
              <![CDATA[element click intercepted: Element <div class="css-76zvg2 r-jwli3a r-ubezar" dir="auto" style="font-family: inherit;">...</div> is not clickable at point (1274, 30). Other element would receive the click: <div class="css-1dbjc4n r-1awozwy r-1fdnko3 r-13awgt0 r-1777fci">...</div>
  (Session info: chrome=123.0.6312.58)
Build info: version: '4.12.1', revision: '8e34639b11'
System info: os.name: 'Windows 11', os.arch: 'amd64', os.version: '10.0', java.version: '17.0.9'
Driver info: org.openqa.selenium.chrome.ChromeDriver
Command: [81a98e7d68733978eeefb6a9dc18f37f, clickElement {id=f.82B025BA202D8EC5EF68F8E1D8687BC5.d.05190D381348BFC545FF36F2E4DB1547.e.278}]
Capabilities {acceptInsecureCerts: false, browserName: chrome, browserVersion: 123.0.6312.58, chrome: {chromedriverVersion: 123.0.6312.58 (6b4b19e9dfbb..., userDataDir: C:\Users\rajie\AppData\Loca...}, fedcm:accounts: true, goog:chromeOptions: {debuggerAddress: localhost:55392}, networkConnectionEnabled: false, pageLoadStrategy: normal, platformName: windows, proxy: Proxy(), se:cdp: ws://localhost:55392/devtoo..., se:cdpVersion: 123.0.6312.58, setWindowRect: true, strictFileInteractability: false, timeouts: {implicit: 0, pageLoad: 300000, script: 30000}, unhandledPromptBehavior: dismiss and notify, webauthn:extension:credBlob: true, webauthn:extension:largeBlob: true, webauthn:extension:minPinLength: true, webauthn:extension:prf: true, webauthn:virtualAuthenticators: true}
Element: [[ChromeDriver: chrome on windows (81a98e7d68733978eeefb6a9dc18f37f)] -> xpath: //div[text()='Login']]
Session ID: 81a98e7d68733978eeefb6a9dc18f37f]]>
            </message>
            <full-stacktrace>
              <![CDATA[org.openqa.selenium.ElementClickInterceptedException: element click intercepted: Element <div class="css-76zvg2 r-jwli3a r-ubezar" dir="auto" style="font-family: inherit;">...</div> is not clickable at point (1274, 30). Other element would receive the click: <div class="css-1dbjc4n r-1awozwy r-1fdnko3 r-13awgt0 r-1777fci">...</div>
  (Session info: chrome=123.0.6312.58)
Build info: version: '4.12.1', revision: '8e34639b11'
System info: os.name: 'Windows 11', os.arch: 'amd64', os.version: '10.0', java.version: '17.0.9'
Driver info: org.openqa.selenium.chrome.ChromeDriver
Command: [81a98e7d68733978eeefb6a9dc18f37f, clickElement {id=f.82B025BA202D8EC5EF68F8E1D8687BC5.d.05190D381348BFC545FF36F2E4DB1547.e.278}]
Capabilities {acceptInsecureCerts: false, browserName: chrome, browserVersion: 123.0.6312.58, chrome: {chromedriverVersion: 123.0.6312.58 (6b4b19e9dfbb..., userDataDir: C:\Users\rajie\AppData\Loca...}, fedcm:accounts: true, goog:chromeOptions: {debuggerAddress: localhost:55392}, networkConnectionEnabled: false, pageLoadStrategy: normal, platformName: windows, proxy: Proxy(), se:cdp: ws://localhost:55392/devtoo..., se:cdpVersion: 123.0.6312.58, setWindowRect: true, strictFileInteractability: false, timeouts: {implicit: 0, pageLoad: 300000, script: 30000}, unhandledPromptBehavior: dismiss and notify, webauthn:extension:credBlob: true, webauthn:extension:largeBlob: true, webauthn:extension:minPinLength: true, webauthn:extension:prf: true, webauthn:virtualAuthenticators: true}
Element: [[ChromeDriver: chrome on windows (81a98e7d68733978eeefb6a9dc18f37f)] -> xpath: //div[text()='Login']]
Session ID: 81a98e7d68733978eeefb6a9dc18f37f
at java.base/jdk.internal.reflect.NativeConstructorAccessorImpl.newInstance0(Native Method)
at java.base/jdk.internal.reflect.NativeConstructorAccessorImpl.newInstance(NativeConstructorAccessorImpl.java:77)
at java.base/jdk.internal.reflect.DelegatingConstructorAccessorImpl.newInstance(DelegatingConstructorAccessorImpl.java:45)
at java.base/java.lang.reflect.Constructor.newInstanceWithCaller(Constructor.java:499)
at java.base/java.lang.reflect.Constructor.newInstance(Constructor.java:480)
at org.openqa.selenium.remote.codec.w3c.W3CHttpResponseCodec.createException(W3CHttpResponseCodec.java:200)
at org.openqa.selenium.remote.codec.w3c.W3CHttpResponseCodec.decode(W3CHttpResponseCodec.java:133)
at org.openqa.selenium.remote.codec.w3c.W3CHttpResponseCodec.decode(W3CHttpResponseCodec.java:52)
at org.openqa.selenium.remote.HttpCommandExecutor.execute(HttpCommandExecutor.java:191)
at org.openqa.selenium.remote.service.DriverCommandExecutor.invokeExecute(DriverCommandExecutor.java:196)
at org.openqa.selenium.remote.service.DriverCommandExecutor.execute(DriverCommandExecutor.java:171)
at org.openqa.selenium.remote.RemoteWebDriver.execute(RemoteWebDriver.java:602)
at org.openqa.selenium.remote.RemoteWebElement.execute(RemoteWebElement.java:224)
at org.openqa.selenium.remote.RemoteWebElement.click(RemoteWebElement.java:77)
at com.pages.HomePage.clickOnLoginButton(HomePage.java:26)
at com.test.SpiceJetTest.login_Email_TC03(SpiceJetTest.java:65)
at java.base/jdk.internal.reflect.NativeMethodAccessorImpl.invoke0(Native Method)
at java.base/jdk.internal.reflect.NativeMethodAccessorImpl.invoke(NativeMethodAccessorImpl.java:77)
at java.base/jdk.internal.reflect.DelegatingMethodAccessorImpl.invoke(DelegatingMethodAccessorImpl.java:43)
at java.base/java.lang.reflect.Method.invoke(Method.java:568)
at org.testng.internal.invokers.MethodInvocationHelper.invokeMethod(MethodInvocationHelper.java:139)
at org.testng.internal.invokers.TestInvoker.invokeMethod(TestInvoker.java:664)
at org.testng.internal.invokers.TestInvoker.invokeTestMethod(TestInvoker.java:227)
at org.testng.internal.invokers.MethodRunner.runInSequence(MethodRunner.java:50)
at org.testng.internal.invokers.TestInvoker$MethodInvocationAgent.invoke(TestInvoker.java:957)
at org.testng.internal.invokers.TestInvoker.invokeTestMethods(TestInvoker.java:200)
at org.testng.internal.invokers.TestMethodWorker.invokeTestMethods(TestMethodWorker.java:148)
at org.testng.internal.invokers.TestMethodWorker.run(TestMethodWorker.java:128)
at java.base/java.util.ArrayList.forEach(ArrayList.java:1511)
at org.testng.TestRunner.privateRun(TestRunner.java:848)
at org.testng.TestRunner.run(TestRunner.java:621)
at org.testng.SuiteRunner.runTest(SuiteRunner.java:443)
at org.testng.SuiteRunner.runSequentially(SuiteRunner.java:437)
at org.testng.SuiteRunner.privateRun(SuiteRunner.java:397)
at org.testng.SuiteRunner.run(SuiteRunner.java:336)
at org.testng.SuiteRunnerWorker.runSuite(SuiteRunnerWorker.java:52)
at org.testng.SuiteRunnerWorker.run(SuiteRunnerWorker.java:95)
at org.testng.TestNG.runSuitesSequentially(TestNG.java:1280)
at org.testng.TestNG.runSuitesLocally(TestNG.java:1200)
at org.testng.TestNG.runSuites(TestNG.java:1114)
at org.testng.TestNG.run(TestNG.java:1082)
at org.apache.maven.surefire.testng.TestNGExecutor.run(TestNGExecutor.java:155)
at org.apache.maven.surefire.testng.TestNGDirectoryTestSuite.executeSingleClass(TestNGDirectoryTestSuite.java:102)
at org.apache.maven.surefire.testng.TestNGDirectoryTestSuite.execute(TestNGDirectoryTestSuite.java:91)
at org.apache.maven.surefire.testng.TestNGProvider.invoke(TestNGProvider.java:137)
at org.apache.maven.surefire.booter.ForkedBooter.runSuitesInProcess(ForkedBooter.java:385)
at org.apache.maven.surefire.booter.ForkedBooter.execute(ForkedBooter.java:162)
at org.apache.maven.surefire.booter.ForkedBooter.run(ForkedBooter.java:507)
at org.apache.maven.surefire.booter.ForkedBooter.main(ForkedBooter.java:495)
]]>
            </full-stacktrace>
          </exception> <!-- org.openqa.selenium.ElementClickInterceptedException -->
          <reporter-output>
          </reporter-output>
        </test-method> <!-- login_Email_TC03 -->
        <test-method is-config="true" signature="closeSite()[pri:0, instance:com.test.SpiceJetTest@498d318c]" started-at="2024-03-24T21:21:39 IST" name="closeSite" finished-at="2024-03-24T21:21:39 IST" duration-ms="140" status="PASS">
          <reporter-output>
          </reporter-output>
        </test-method> <!-- closeSite -->
        <test-method is-config="true" signature="launchSite()[pri:0, instance:com.test.SpiceJetTest@498d318c]" started-at="2024-03-24T21:21:39 IST" name="launchSite" finished-at="2024-03-24T21:21:45 IST" duration-ms="6169" status="PASS">
          <reporter-output>
          </reporter-output>
        </test-method> <!-- launchSite -->
        <test-method signature="login_Mobile_TC04()[pri:4, instance:com.test.SpiceJetTest@498d318c]" started-at="2024-03-24T21:21:45 IST" name="login_Mobile_TC04" finished-at="2024-03-24T21:21:58 IST" duration-ms="12815" status="PASS">
          <reporter-output>
          </reporter-output>
        </test-method> <!-- login_Mobile_TC04 -->
        <test-method is-config="true" signature="closeSite()[pri:0, instance:com.test.SpiceJetTest@498d318c]" started-at="2024-03-24T21:21:58 IST" name="closeSite" finished-at="2024-03-24T21:21:58 IST" duration-ms="138" status="PASS">
          <reporter-output>
          </reporter-output>
        </test-method> <!-- closeSite -->
        <test-method is-config="true" signature="launchSite()[pri:0, instance:com.test.SpiceJetTest@498d318c]" started-at="2024-03-24T21:21:58 IST" name="launchSite" finished-at="2024-03-24T21:22:04 IST" duration-ms="5453" status="PASS">
          <reporter-output>
          </reporter-output>
        </test-method> <!-- launchSite -->
        <test-method signature="pageFieldValidation_TC05()[pri:5, instance:com.test.SpiceJetTest@498d318c]" started-at="2024-03-24T21:22:04 IST" name="pageFieldValidation_TC05" finished-at="2024-03-24T21:22:04 IST" duration-ms="201" status="PASS">
          <reporter-output>
          </reporter-output>
        </test-method> <!-- pageFieldValidation_TC05 -->
        <test-method is-config="true" signature="closeSite()[pri:0, instance:com.test.SpiceJetTest@498d318c]" started-at="2024-03-24T21:22:04 IST" name="closeSite" finished-at="2024-03-24T21:22:04 IST" duration-ms="119" status="PASS">
          <reporter-output>
          </reporter-output>
        </test-method> <!-- closeSite -->
        <test-method is-config="true" signature="launchSite()[pri:0, instance:com.test.SpiceJetTest@498d318c]" started-at="2024-03-24T21:22:04 IST" name="launchSite" finished-at="2024-03-24T21:22:09 IST" duration-ms="5303" status="PASS">
          <reporter-output>
          </reporter-output>
        </test-method> <!-- launchSite -->
        <test-method signature="oneWayFlight_TC06()[pri:6, instance:com.test.SpiceJetTest@498d318c]" started-at="2024-03-24T21:22:09 IST" name="oneWayFlight_TC06" finished-at="2024-03-24T21:23:04 IST" duration-ms="54445" status="PASS">
          <reporter-output>
          </reporter-output>
        </test-method> <!-- oneWayFlight_TC06 -->
        <test-method is-config="true" signature="closeSite()[pri:0, instance:com.test.SpiceJetTest@498d318c]" started-at="2024-03-24T21:23:04 IST" name="closeSite" finished-at="2024-03-24T21:23:04 IST" duration-ms="205" status="PASS">
          <reporter-output>
          </reporter-output>
        </test-method> <!-- closeSite -->
        <test-method is-config="true" signature="launchSite()[pri:0, instance:com.test.SpiceJetTest@498d318c]" started-at="2024-03-24T21:23:04 IST" name="launchSite" finished-at="2024-03-24T21:23:09 IST" duration-ms="4985" status="PASS">
          <reporter-output>
          </reporter-output>
        </test-method> <!-- launchSite -->
        <test-method signature="roundTripFlight_TC07()[pri:7, instance:com.test.SpiceJetTest@498d318c]" started-at="2024-03-24T21:23:09 IST" name="roundTripFlight_TC07" finished-at="2024-03-24T21:24:07 IST" duration-ms="58653" status="PASS">
          <reporter-output>
          </reporter-output>
        </test-method> <!-- roundTripFlight_TC07 -->
        <test-method is-config="true" signature="closeSite()[pri:0, instance:com.test.SpiceJetTest@498d318c]" started-at="2024-03-24T21:24:07 IST" name="closeSite" finished-at="2024-03-24T21:24:08 IST" duration-ms="142" status="PASS">
          <reporter-output>
          </reporter-output>
        </test-method> <!-- closeSite -->
        <test-method is-config="true" signature="launchSite()[pri:0, instance:com.test.SpiceJetTest@498d318c]" started-at="2024-03-24T21:24:08 IST" name="launchSite" finished-at="2024-03-24T21:24:13 IST" duration-ms="5364" status="PASS">
          <reporter-output>
          </reporter-output>
        </test-method> <!-- launchSite -->
        <test-method signature="login_IncorrectEmail_TC08()[pri:8, instance:com.test.SpiceJetTest@498d318c]" started-at="2024-03-24T21:24:13 IST" name="login_IncorrectEmail_TC08" finished-at="2024-03-24T21:24:26 IST" duration-ms="13061" status="PASS">
          <reporter-output>
          </reporter-output>
        </test-method> <!-- login_IncorrectEmail_TC08 -->
        <test-method is-config="true" signature="closeSite()[pri:0, instance:com.test.SpiceJetTest@498d318c]" started-at="2024-03-24T21:24:26 IST" name="closeSite" finished-at="2024-03-24T21:24:26 IST" duration-ms="138" status="PASS">
          <reporter-output>
          </reporter-output>
        </test-method> <!-- closeSite -->
        <test-method is-config="true" signature="launchSite()[pri:0, instance:com.test.SpiceJetTest@498d318c]" started-at="2024-03-24T21:24:26 IST" name="launchSite" finished-at="2024-03-24T21:24:31 IST" duration-ms="4833" status="PASS">
          <reporter-output>
          </reporter-output>
        </test-method> <!-- launchSite -->
        <test-method signature="login_IncorrectMobile_TC09()[pri:9, instance:com.test.SpiceJetTest@498d318c]" started-at="2024-03-24T21:24:31 IST" name="login_IncorrectMobile_TC09" finished-at="2024-03-24T21:24:41 IST" duration-ms="10326" status="PASS">
          <reporter-output>
          </reporter-output>
        </test-method> <!-- login_IncorrectMobile_TC09 -->
        <test-method is-config="true" signature="closeSite()[pri:0, instance:com.test.SpiceJetTest@498d318c]" started-at="2024-03-24T21:24:41 IST" name="closeSite" finished-at="2024-03-24T21:24:41 IST" duration-ms="174" status="PASS">
          <reporter-output>
          </reporter-output>
        </test-method> <!-- closeSite -->
        <test-method is-config="true" signature="launchSite()[pri:0, instance:com.test.SpiceJetTest@498d318c]" started-at="2024-03-24T21:24:41 IST" name="launchSite" finished-at="2024-03-24T21:24:47 IST" duration-ms="5070" status="PASS">
          <reporter-output>
          </reporter-output>
        </test-method> <!-- launchSite -->
        <test-method signature="login_IncorrectPassword_TC10()[pri:10, instance:com.test.SpiceJetTest@498d318c]" started-at="2024-03-24T21:24:47 IST" name="login_IncorrectPassword_TC10" finished-at="2024-03-24T21:25:00 IST" duration-ms="13042" status="PASS">
          <reporter-output>
          </reporter-output>
        </test-method> <!-- login_IncorrectPassword_TC10 -->
        <test-method is-config="true" signature="closeSite()[pri:0, instance:com.test.SpiceJetTest@498d318c]" started-at="2024-03-24T21:25:00 IST" name="closeSite" finished-at="2024-03-24T21:25:00 IST" duration-ms="139" status="PASS">
          <reporter-output>
          </reporter-output>
        </test-method> <!-- closeSite -->
        <test-method is-config="true" signature="launchSite()[pri:0, instance:com.test.SpiceJetTest@498d318c]" started-at="2024-03-24T21:25:00 IST" name="launchSite" finished-at="2024-03-24T21:25:05 IST" duration-ms="4989" status="PASS">
          <reporter-output>
          </reporter-output>
        </test-method> <!-- launchSite -->
        <test-method signature="login_mandMobileInput_TC11()[pri:11, instance:com.test.SpiceJetTest@498d318c]" started-at="2024-03-24T21:25:05 IST" name="login_mandMobileInput_TC11" finished-at="2024-03-24T21:25:15 IST" duration-ms="9931" status="PASS">
          <reporter-output>
          </reporter-output>
        </test-method> <!-- login_mandMobileInput_TC11 -->
        <test-method is-config="true" signature="closeSite()[pri:0, instance:com.test.SpiceJetTest@498d318c]" started-at="2024-03-24T21:25:15 IST" name="closeSite" finished-at="2024-03-24T21:25:15 IST" duration-ms="181" status="PASS">
          <reporter-output>
          </reporter-output>
        </test-method> <!-- closeSite -->
        <test-method is-config="true" signature="launchSite()[pri:0, instance:com.test.SpiceJetTest@498d318c]" started-at="2024-03-24T21:25:15 IST" name="launchSite" finished-at="2024-03-24T21:25:20 IST" duration-ms="4935" status="PASS">
          <reporter-output>
          </reporter-output>
        </test-method> <!-- launchSite -->
        <test-method signature="login_mandEmailInput_TC12()[pri:12, instance:com.test.SpiceJetTest@498d318c]" started-at="2024-03-24T21:25:20 IST" name="login_mandEmailInput_TC12" finished-at="2024-03-24T21:25:32 IST" duration-ms="12026" status="PASS">
          <reporter-output>
          </reporter-output>
        </test-method> <!-- login_mandEmailInput_TC12 -->
        <test-method is-config="true" signature="closeSite()[pri:0, instance:com.test.SpiceJetTest@498d318c]" started-at="2024-03-24T21:25:32 IST" name="closeSite" finished-at="2024-03-24T21:25:32 IST" duration-ms="183" status="PASS">
          <reporter-output>
          </reporter-output>
        </test-method> <!-- closeSite -->
        <test-method is-config="true" signature="launchSite()[pri:0, instance:com.test.SpiceJetTest@498d318c]" started-at="2024-03-24T21:25:32 IST" name="launchSite" finished-at="2024-03-24T21:25:38 IST" duration-ms="5967" status="PASS">
          <reporter-output>
          </reporter-output>
        </test-method> <!-- launchSite -->
        <test-method signature="login_mandPaswrdInput_TC13()[pri:13, instance:com.test.SpiceJetTest@498d318c]" started-at="2024-03-24T21:25:38 IST" name="login_mandPaswrdInput_TC13" finished-at="2024-03-24T21:25:49 IST" duration-ms="11372" status="PASS">
          <reporter-output>
          </reporter-output>
        </test-method> <!-- login_mandPaswrdInput_TC13 -->
        <test-method is-config="true" signature="closeSite()[pri:0, instance:com.test.SpiceJetTest@498d318c]" started-at="2024-03-24T21:25:49 IST" name="closeSite" finished-at="2024-03-24T21:25:49 IST" duration-ms="156" status="PASS">
          <reporter-output>
          </reporter-output>
        </test-method> <!-- closeSite -->
      </class> <!-- com.test.SpiceJetTest -->
    </test> <!-- Surefire test -->
  </suite> <!-- Surefire suite -->
</testng-results>
